<?xml version="1.0" encoding="UTF-8"?>
<!-- Generated by org.testng.reporters.JUnitXMLReporter -->
<testsuite ignored="0" hostname="QUASPC1212" failures="1" tests="9" name="PV_Login" time="49.529" errors="0" timestamp="2022-02-15T11:53:19 IST">
  <testcase classname="pv_admin.PV_Login" name="@BeforeMethod Openurl" time="12.029">
    <failure type="org.openqa.selenium.WebDriverException" message="chrome not reachable
  (Session info: chrome=98.0.4758.82)
Build info: version: &amp;apos;3.141.59&amp;apos;, revision: &amp;apos;e82be7d358&amp;apos;, time: &amp;apos;2018-11-14T08:17:03&amp;apos;
System info: host: &amp;apos;QUASPC1212&amp;apos;, ip: &amp;apos;192.168.1.212&amp;apos;, os.name: &amp;apos;Windows 10&amp;apos;, os.arch: &amp;apos;amd64&amp;apos;, os.version: &amp;apos;10.0&amp;apos;, java.version: &amp;apos;11.0.12&amp;apos;
Driver info: org.openqa.selenium.chrome.ChromeDriver
Capabilities {acceptInsecureCerts: false, browserName: chrome, browserVersion: 98.0.4758.82, chrome: {chromedriverVersion: 98.0.4758.80 (7f0488e8ba0d8..., userDataDir: C:\Users\neha.p\AppData\Loc...}, goog:chromeOptions: {debuggerAddress: localhost:58697}, javascriptEnabled: true, networkConnectionEnabled: false, pageLoadStrategy: normal, platform: WINDOWS, platformName: WINDOWS, proxy: Proxy(), setWindowRect: true, strictFileInteractability: false, timeouts: {implicit: 0, pageLoad: 300000, script: 30000}, unhandledPromptBehavior: dismiss and notify, webauthn:extension:credBlob: true, webauthn:extension:largeBlob: true, webauthn:virtualAuthenticators: true}
Session ID: 1975664828f175542bb6d6deb44345db">
      <![CDATA[org.openqa.selenium.WebDriverException: chrome not reachable
  (Session info: chrome=98.0.4758.82)
Build info: version: '3.141.59', revision: 'e82be7d358', time: '2018-11-14T08:17:03'
System info: host: 'QUASPC1212', ip: '192.168.1.212', os.name: 'Windows 10', os.arch: 'amd64', os.version: '10.0', java.version: '11.0.12'
Driver info: org.openqa.selenium.chrome.ChromeDriver
Capabilities {acceptInsecureCerts: false, browserName: chrome, browserVersion: 98.0.4758.82, chrome: {chromedriverVersion: 98.0.4758.80 (7f0488e8ba0d8..., userDataDir: C:\Users\neha.p\AppData\Loc...}, goog:chromeOptions: {debuggerAddress: localhost:58697}, javascriptEnabled: true, networkConnectionEnabled: false, pageLoadStrategy: normal, platform: WINDOWS, platformName: WINDOWS, proxy: Proxy(), setWindowRect: true, strictFileInteractability: false, timeouts: {implicit: 0, pageLoad: 300000, script: 30000}, unhandledPromptBehavior: dismiss and notify, webauthn:extension:credBlob: true, webauthn:extension:largeBlob: true, webauthn:virtualAuthenticators: true}
Session ID: 1975664828f175542bb6d6deb44345db
at org.openqa.selenium.remote.http.W3CHttpResponseCodec.createException(W3CHttpResponseCodec.java:187)
at org.openqa.selenium.remote.http.W3CHttpResponseCodec.decode(W3CHttpResponseCodec.java:122)
at org.openqa.selenium.remote.http.W3CHttpResponseCodec.decode(W3CHttpResponseCodec.java:49)
at org.openqa.selenium.remote.HttpCommandExecutor.execute(HttpCommandExecutor.java:158)
at org.openqa.selenium.remote.service.DriverCommandExecutor.execute(DriverCommandExecutor.java:83)
at org.openqa.selenium.remote.RemoteWebDriver.execute(RemoteWebDriver.java:552)
at org.openqa.selenium.remote.RemoteWebDriver.get(RemoteWebDriver.java:277)
at pv_admin.PV_Login.Openurl(PV_Login.java:51)
at java.base/java.util.ArrayList.forEach(ArrayList.java:1541)
at java.base/java.util.concurrent.FutureTask.run(FutureTask.java:264)
at java.base/java.util.concurrent.ThreadPoolExecutor.runWorker(ThreadPoolExecutor.java:1128)
at java.base/java.util.concurrent.ThreadPoolExecutor$Worker.run(ThreadPoolExecutor.java:628)
at java.base/java.lang.Thread.run(Thread.java:834)
... Removed 26 stack frames]]>
    </failure>
  </testcase> <!-- @BeforeMethod Openurl -->
  <testcase classname="pv_admin.PV_Login" name="@BeforeMethod Openurl" time="-1.644906199695E9">
    <skipped/>
  </testcase> <!-- @BeforeMethod Openurl -->
  <testcase classname="pv_admin.PV_Login" name="@BeforeMethod Openurl" time="-1.644906199698E9">
    <skipped/>
  </testcase> <!-- @BeforeMethod Openurl -->
  <testcase classname="pv_admin.PV_Login" name="@BeforeMethod Openurl" time="-1.6449061997E9">
    <skipped/>
  </testcase> <!-- @BeforeMethod Openurl -->
  <testcase classname="pv_admin.PV_Login" name="@BeforeMethod Openurl" time="-1.644906199703E9">
    <skipped/>
  </testcase> <!-- @BeforeMethod Openurl -->
  <testcase classname="pv_admin.PV_Login" name="@BeforeMethod Openurl" time="-1.644906199705E9">
    <skipped/>
  </testcase> <!-- @BeforeMethod Openurl -->
  <testcase classname="pv_admin.PV_Login" name="@BeforeMethod Openurl" time="-1.644906199708E9">
    <skipped/>
  </testcase> <!-- @BeforeMethod Openurl -->
  <testcase classname="pv_admin.PV_Login" name="@BeforeMethod Openurl" time="-1.64490619971E9">
    <skipped/>
  </testcase> <!-- @BeforeMethod Openurl -->
  <testcase classname="pv_admin.PV_Login" name="@AfterClass Afterclass" time="-1.644906199713E9">
    <skipped/>
  </testcase> <!-- @AfterClass Afterclass -->
  <testcase classname="pv_admin.PV_Login" name="PV_Login_01" time="15.405">
    <failure type="org.openqa.selenium.WebDriverException" message="chrome not reachable
  (Session info: chrome=98.0.4758.82)
Build info: version: &amp;apos;3.141.59&amp;apos;, revision: &amp;apos;e82be7d358&amp;apos;, time: &amp;apos;2018-11-14T08:17:03&amp;apos;
System info: host: &amp;apos;QUASPC1212&amp;apos;, ip: &amp;apos;192.168.1.212&amp;apos;, os.name: &amp;apos;Windows 10&amp;apos;, os.arch: &amp;apos;amd64&amp;apos;, os.version: &amp;apos;10.0&amp;apos;, java.version: &amp;apos;11.0.12&amp;apos;
Driver info: org.openqa.selenium.chrome.ChromeDriver
Capabilities {acceptInsecureCerts: false, browserName: chrome, browserVersion: 98.0.4758.82, chrome: {chromedriverVersion: 98.0.4758.80 (7f0488e8ba0d8..., userDataDir: C:\Users\neha.p\AppData\Loc...}, goog:chromeOptions: {debuggerAddress: localhost:58697}, javascriptEnabled: true, networkConnectionEnabled: false, pageLoadStrategy: normal, platform: WINDOWS, platformName: WINDOWS, proxy: Proxy(), setWindowRect: true, strictFileInteractability: false, timeouts: {implicit: 0, pageLoad: 300000, script: 30000}, unhandledPromptBehavior: dismiss and notify, webauthn:extension:credBlob: true, webauthn:extension:largeBlob: true, webauthn:virtualAuthenticators: true}
Session ID: 1975664828f175542bb6d6deb44345db
*** Element info: {Using=xpath, value=//div[@class=&amp;apos;card-body&amp;apos;]/div/form/div[1]/label}">
      <![CDATA[org.openqa.selenium.WebDriverException: chrome not reachable
  (Session info: chrome=98.0.4758.82)
Build info: version: '3.141.59', revision: 'e82be7d358', time: '2018-11-14T08:17:03'
System info: host: 'QUASPC1212', ip: '192.168.1.212', os.name: 'Windows 10', os.arch: 'amd64', os.version: '10.0', java.version: '11.0.12'
Driver info: org.openqa.selenium.chrome.ChromeDriver
Capabilities {acceptInsecureCerts: false, browserName: chrome, browserVersion: 98.0.4758.82, chrome: {chromedriverVersion: 98.0.4758.80 (7f0488e8ba0d8..., userDataDir: C:\Users\neha.p\AppData\Loc...}, goog:chromeOptions: {debuggerAddress: localhost:58697}, javascriptEnabled: true, networkConnectionEnabled: false, pageLoadStrategy: normal, platform: WINDOWS, platformName: WINDOWS, proxy: Proxy(), setWindowRect: true, strictFileInteractability: false, timeouts: {implicit: 0, pageLoad: 300000, script: 30000}, unhandledPromptBehavior: dismiss and notify, webauthn:extension:credBlob: true, webauthn:extension:largeBlob: true, webauthn:virtualAuthenticators: true}
Session ID: 1975664828f175542bb6d6deb44345db
*** Element info: {Using=xpath, value=//div[@class='card-body']/div/form/div[1]/label}
at org.openqa.selenium.remote.http.W3CHttpResponseCodec.createException(W3CHttpResponseCodec.java:187)
at org.openqa.selenium.remote.http.W3CHttpResponseCodec.decode(W3CHttpResponseCodec.java:122)
at org.openqa.selenium.remote.http.W3CHttpResponseCodec.decode(W3CHttpResponseCodec.java:49)
at org.openqa.selenium.remote.HttpCommandExecutor.execute(HttpCommandExecutor.java:158)
at org.openqa.selenium.remote.service.DriverCommandExecutor.execute(DriverCommandExecutor.java:83)
at org.openqa.selenium.remote.RemoteWebDriver.execute(RemoteWebDriver.java:552)
at org.openqa.selenium.remote.RemoteWebDriver.findElement(RemoteWebDriver.java:323)
at org.openqa.selenium.remote.RemoteWebDriver.findElementByXPath(RemoteWebDriver.java:428)
at org.openqa.selenium.By$ByXPath.findElement(By.java:353)
at org.openqa.selenium.remote.RemoteWebDriver.findElement(RemoteWebDriver.java:315)
at pv_admin.PV_Login.PV_Login_01(PV_Login.java:65)
at java.base/java.util.ArrayList.forEach(ArrayList.java:1541)
at java.base/java.util.concurrent.FutureTask.run(FutureTask.java:264)
at java.base/java.util.concurrent.ThreadPoolExecutor.runWorker(ThreadPoolExecutor.java:1128)
at java.base/java.util.concurrent.ThreadPoolExecutor$Worker.run(ThreadPoolExecutor.java:628)
at java.base/java.lang.Thread.run(Thread.java:834)
... Removed 22 stack frames]]>
    </failure>
  </testcase> <!-- PV_Login_01 -->
  <testcase classname="pv_admin.PV_Login" name="PV_Login_04" time="0.0">
    <skipped/>
  </testcase> <!-- PV_Login_04 -->
  <testcase classname="pv_admin.PV_Login" name="PV_Login_05" time="0.0">
    <skipped/>
  </testcase> <!-- PV_Login_05 -->
  <testcase classname="pv_admin.PV_Login" name="PV_Login_06" time="0.0">
    <skipped/>
  </testcase> <!-- PV_Login_06 -->
  <testcase classname="pv_admin.PV_Login" name="PV_Login_07" time="0.0">
    <skipped/>
  </testcase> <!-- PV_Login_07 -->
  <testcase classname="pv_admin.PV_Login" name="PV_Login_08" time="0.0">
    <skipped/>
  </testcase> <!-- PV_Login_08 -->
  <testcase classname="pv_admin.PV_Login" name="PV_Login_09" time="0.0">
    <skipped/>
  </testcase> <!-- PV_Login_09 -->
  <testcase classname="pv_admin.PV_Login" name="PV_Login_10" time="0.0">
    <skipped/>
  </testcase> <!-- PV_Login_10 -->
  <testcase classname="pv_admin.PV_Login" name="PV_Login_02" time="0.0">
    <skipped/>
  </testcase> <!-- PV_Login_02 -->
</testsuite> <!-- PV_Login -->
