<?xml version="1.0" encoding="UTF-8"?>
<!-- Generated by org.testng.reporters.JUnitXMLReporter -->
<testsuite ignored="10" hostname="QUASPC1212" failures="1" tests="1" name="PV_Registration" time="20.252" errors="0" timestamp="2022-02-28T15:28:05 IST">
  <testcase classname="pv_admin.PV_Registration" name="PV_Registration_11" time="12.048">
    <failure type="org.openqa.selenium.InvalidSelectorException" message="invalid selector: Unable to locate an element with the xpath expression  because of the following error:
SyntaxError: Failed to execute &amp;apos;evaluate&amp;apos; on &amp;apos;Document&amp;apos;: The string &amp;apos;&amp;apos; is not a valid XPath expression.
  (Session info: chrome=98.0.4758.102)
For documentation on this error, please visit: https://www.seleniumhq.org/exceptions/invalid_selector_exception.html
Build info: version: &amp;apos;3.141.59&amp;apos;, revision: &amp;apos;e82be7d358&amp;apos;, time: &amp;apos;2018-11-14T08:17:03&amp;apos;
System info: host: &amp;apos;QUASPC1212&amp;apos;, ip: &amp;apos;192.168.1.212&amp;apos;, os.name: &amp;apos;Windows 10&amp;apos;, os.arch: &amp;apos;amd64&amp;apos;, os.version: &amp;apos;10.0&amp;apos;, java.version: &amp;apos;11.0.12&amp;apos;
Driver info: org.openqa.selenium.chrome.ChromeDriver
Capabilities {acceptInsecureCerts: false, browserName: chrome, browserVersion: 98.0.4758.102, chrome: {chromedriverVersion: 98.0.4758.102 (273bf7ac8c90..., userDataDir: C:\Users\neha.p\AppData\Loc...}, goog:chromeOptions: {debuggerAddress: localhost:59035}, javascriptEnabled: true, networkConnectionEnabled: false, pageLoadStrategy: normal, platform: WINDOWS, platformName: WINDOWS, proxy: Proxy(), setWindowRect: true, strictFileInteractability: false, timeouts: {implicit: 0, pageLoad: 300000, script: 30000}, unhandledPromptBehavior: dismiss and notify, webauthn:extension:credBlob: true, webauthn:extension:largeBlob: true, webauthn:virtualAuthenticators: true}
Session ID: 8d11d05c3cd4f395630c130a1821f84f
*** Element info: {Using=xpath, value=}">
      <![CDATA[org.openqa.selenium.InvalidSelectorException: invalid selector: Unable to locate an element with the xpath expression  because of the following error:
SyntaxError: Failed to execute 'evaluate' on 'Document': The string '' is not a valid XPath expression.
  (Session info: chrome=98.0.4758.102)
For documentation on this error, please visit: https://www.seleniumhq.org/exceptions/invalid_selector_exception.html
Build info: version: '3.141.59', revision: 'e82be7d358', time: '2018-11-14T08:17:03'
System info: host: 'QUASPC1212', ip: '192.168.1.212', os.name: 'Windows 10', os.arch: 'amd64', os.version: '10.0', java.version: '11.0.12'
Driver info: org.openqa.selenium.chrome.ChromeDriver
Capabilities {acceptInsecureCerts: false, browserName: chrome, browserVersion: 98.0.4758.102, chrome: {chromedriverVersion: 98.0.4758.102 (273bf7ac8c90..., userDataDir: C:\Users\neha.p\AppData\Loc...}, goog:chromeOptions: {debuggerAddress: localhost:59035}, javascriptEnabled: true, networkConnectionEnabled: false, pageLoadStrategy: normal, platform: WINDOWS, platformName: WINDOWS, proxy: Proxy(), setWindowRect: true, strictFileInteractability: false, timeouts: {implicit: 0, pageLoad: 300000, script: 30000}, unhandledPromptBehavior: dismiss and notify, webauthn:extension:credBlob: true, webauthn:extension:largeBlob: true, webauthn:virtualAuthenticators: true}
Session ID: 8d11d05c3cd4f395630c130a1821f84f
*** Element info: {Using=xpath, value=}
at org.openqa.selenium.remote.http.W3CHttpResponseCodec.createException(W3CHttpResponseCodec.java:187)
at org.openqa.selenium.remote.http.W3CHttpResponseCodec.decode(W3CHttpResponseCodec.java:122)
at org.openqa.selenium.remote.http.W3CHttpResponseCodec.decode(W3CHttpResponseCodec.java:49)
at org.openqa.selenium.remote.HttpCommandExecutor.execute(HttpCommandExecutor.java:158)
at org.openqa.selenium.remote.service.DriverCommandExecutor.execute(DriverCommandExecutor.java:83)
at org.openqa.selenium.remote.RemoteWebDriver.execute(RemoteWebDriver.java:552)
at org.openqa.selenium.remote.RemoteWebDriver.findElement(RemoteWebDriver.java:323)
at org.openqa.selenium.remote.RemoteWebDriver.findElementByXPath(RemoteWebDriver.java:428)
at org.openqa.selenium.By$ByXPath.findElement(By.java:353)
at org.openqa.selenium.remote.RemoteWebDriver.findElement(RemoteWebDriver.java:315)
at pv_admin.PV_Registration.PV_Registration_11(PV_Registration.java:439)
at java.base/java.util.ArrayList.forEach(ArrayList.java:1541)
at java.base/java.util.concurrent.FutureTask.run(FutureTask.java:264)
at java.base/java.util.concurrent.ThreadPoolExecutor.runWorker(ThreadPoolExecutor.java:1128)
at java.base/java.util.concurrent.ThreadPoolExecutor$Worker.run(ThreadPoolExecutor.java:628)
at java.base/java.lang.Thread.run(Thread.java:834)
... Removed 22 stack frames]]>
    </failure>
  </testcase> <!-- PV_Registration_11 -->
  <testcase classname="pv_admin.PV_Registration" name="PV_Registration_3" time="0.0">
    <ignored/>
  </testcase> <!-- PV_Registration_3 -->
  <testcase classname="pv_admin.PV_Registration" name="PV_Registration_7" time="0.0">
    <ignored/>
  </testcase> <!-- PV_Registration_7 -->
  <testcase classname="pv_admin.PV_Registration" name="PV_Registration_2" time="0.0">
    <ignored/>
  </testcase> <!-- PV_Registration_2 -->
  <testcase classname="pv_admin.PV_Registration" name="PV_Registration_1" time="0.0">
    <ignored/>
  </testcase> <!-- PV_Registration_1 -->
  <testcase classname="pv_admin.PV_Registration" name="PV_Registration_4" time="0.0">
    <ignored/>
  </testcase> <!-- PV_Registration_4 -->
  <testcase classname="pv_admin.PV_Registration" name="PV_Registration_10" time="0.0">
    <ignored/>
  </testcase> <!-- PV_Registration_10 -->
  <testcase classname="pv_admin.PV_Registration" name="PV_Registration_6" time="0.0">
    <ignored/>
  </testcase> <!-- PV_Registration_6 -->
  <testcase classname="pv_admin.PV_Registration" name="PV_Registration_5" time="0.0">
    <ignored/>
  </testcase> <!-- PV_Registration_5 -->
  <testcase classname="pv_admin.PV_Registration" name="PV_Registration_8" time="0.0">
    <ignored/>
  </testcase> <!-- PV_Registration_8 -->
  <testcase classname="pv_admin.PV_Registration" name="PV_Registration_9" time="0.0">
    <ignored/>
  </testcase> <!-- PV_Registration_9 -->
</testsuite> <!-- PV_Registration -->
