<?xml version="1.0" encoding="UTF-8"?>
<!-- Generated by org.testng.reporters.JUnitXMLReporter -->
<testsuite ignored="0" hostname="QUASPC1212" failures="6" tests="21" name="PV_Settings" time="76.843" errors="0" timestamp="2022-02-15T09:58:57 IST">
  <testcase classname="pv_admin.PV_Settings" name="@BeforeMethod Openurl" time="0.025">
    <failure type="org.openqa.selenium.NoSuchSessionException" message="Tried to run command without establishing a connection
Build info: version: &amp;apos;3.141.59&amp;apos;, revision: &amp;apos;e82be7d358&amp;apos;, time: &amp;apos;2018-11-14T08:17:03&amp;apos;
System info: host: &amp;apos;QUASPC1212&amp;apos;, ip: &amp;apos;192.168.1.212&amp;apos;, os.name: &amp;apos;Windows 10&amp;apos;, os.arch: &amp;apos;amd64&amp;apos;, os.version: &amp;apos;10.0&amp;apos;, java.version: &amp;apos;11.0.12&amp;apos;
Driver info: org.openqa.selenium.firefox.FirefoxDriver
Capabilities {acceptInsecureCerts: true, browserName: firefox, browserVersion: 96.0.3, javascriptEnabled: true, moz:accessibilityChecks: false, moz:buildID: 20220126154723, moz:geckodriverVersion: 0.30.0, moz:headless: false, moz:processID: 3196, moz:profile: C:\Users\neha.p\AppData\Loc..., moz:shutdownTimeout: 60000, moz:useNonSpecCompliantPointerOrigin: false, moz:webdriverClick: true, pageLoadStrategy: normal, platform: WINDOWS, platformName: WINDOWS, platformVersion: 10.0, proxy: Proxy(), setWindowRect: true, strictFileInteractability: false, timeouts: {implicit: 0, pageLoad: 300000, script: 30000}, unhandledPromptBehavior: dismiss and notify}
Session ID: 2b79f528-e2c0-42cb-9d7a-c13ec9d00a7e">
      <![CDATA[org.openqa.selenium.NoSuchSessionException: Tried to run command without establishing a connection
Build info: version: '3.141.59', revision: 'e82be7d358', time: '2018-11-14T08:17:03'
System info: host: 'QUASPC1212', ip: '192.168.1.212', os.name: 'Windows 10', os.arch: 'amd64', os.version: '10.0', java.version: '11.0.12'
Driver info: org.openqa.selenium.firefox.FirefoxDriver
Capabilities {acceptInsecureCerts: true, browserName: firefox, browserVersion: 96.0.3, javascriptEnabled: true, moz:accessibilityChecks: false, moz:buildID: 20220126154723, moz:geckodriverVersion: 0.30.0, moz:headless: false, moz:processID: 3196, moz:profile: C:\Users\neha.p\AppData\Loc..., moz:shutdownTimeout: 60000, moz:useNonSpecCompliantPointerOrigin: false, moz:webdriverClick: true, pageLoadStrategy: normal, platform: WINDOWS, platformName: WINDOWS, platformVersion: 10.0, proxy: Proxy(), setWindowRect: true, strictFileInteractability: false, timeouts: {implicit: 0, pageLoad: 300000, script: 30000}, unhandledPromptBehavior: dismiss and notify}
Session ID: 2b79f528-e2c0-42cb-9d7a-c13ec9d00a7e
at org.openqa.selenium.remote.http.W3CHttpResponseCodec.createException(W3CHttpResponseCodec.java:187)
at org.openqa.selenium.remote.http.W3CHttpResponseCodec.decode(W3CHttpResponseCodec.java:122)
at org.openqa.selenium.remote.http.W3CHttpResponseCodec.decode(W3CHttpResponseCodec.java:49)
at org.openqa.selenium.remote.HttpCommandExecutor.execute(HttpCommandExecutor.java:158)
at org.openqa.selenium.remote.service.DriverCommandExecutor.execute(DriverCommandExecutor.java:83)
at org.openqa.selenium.remote.RemoteWebDriver.execute(RemoteWebDriver.java:552)
at org.openqa.selenium.remote.RemoteWebDriver.get(RemoteWebDriver.java:277)
at pv_admin.PV_Settings.Openurl(PV_Settings.java:58)
at java.base/java.util.ArrayList.forEach(ArrayList.java:1541)
at java.base/java.util.concurrent.FutureTask.run(FutureTask.java:264)
at java.base/java.util.concurrent.ThreadPoolExecutor.runWorker(ThreadPoolExecutor.java:1128)
at java.base/java.util.concurrent.ThreadPoolExecutor$Worker.run(ThreadPoolExecutor.java:628)
at java.base/java.lang.Thread.run(Thread.java:834)
... Removed 26 stack frames]]>
    </failure>
  </testcase> <!-- @BeforeMethod Openurl -->
  <testcase classname="pv_admin.PV_Settings" name="@AfterMethod schreenshot" time="-1.644899337408E9">
    <skipped/>
  </testcase> <!-- @AfterMethod schreenshot -->
  <testcase classname="pv_admin.PV_Settings" name="@BeforeMethod Openurl" time="-1.644899337408E9">
    <skipped/>
  </testcase> <!-- @BeforeMethod Openurl -->
  <testcase classname="pv_admin.PV_Settings" name="@AfterMethod schreenshot" time="-1.644899337408E9">
    <skipped/>
  </testcase> <!-- @AfterMethod schreenshot -->
  <testcase classname="pv_admin.PV_Settings" name="@BeforeMethod Openurl" time="-1.644899337408E9">
    <skipped/>
  </testcase> <!-- @BeforeMethod Openurl -->
  <testcase classname="pv_admin.PV_Settings" name="@AfterMethod schreenshot" time="-1.644899337408E9">
    <skipped/>
  </testcase> <!-- @AfterMethod schreenshot -->
  <testcase classname="pv_admin.PV_Settings" name="@BeforeMethod Openurl" time="-1.644899337408E9">
    <skipped/>
  </testcase> <!-- @BeforeMethod Openurl -->
  <testcase classname="pv_admin.PV_Settings" name="@AfterMethod schreenshot" time="-1.644899337424E9">
    <skipped/>
  </testcase> <!-- @AfterMethod schreenshot -->
  <testcase classname="pv_admin.PV_Settings" name="@BeforeMethod Openurl" time="-1.644899337424E9">
    <skipped/>
  </testcase> <!-- @BeforeMethod Openurl -->
  <testcase classname="pv_admin.PV_Settings" name="@AfterMethod schreenshot" time="-1.644899337424E9">
    <skipped/>
  </testcase> <!-- @AfterMethod schreenshot -->
  <testcase classname="pv_admin.PV_Settings" name="@BeforeMethod Openurl" time="-1.644899337424E9">
    <skipped/>
  </testcase> <!-- @BeforeMethod Openurl -->
  <testcase classname="pv_admin.PV_Settings" name="@AfterMethod schreenshot" time="-1.644899337424E9">
    <skipped/>
  </testcase> <!-- @AfterMethod schreenshot -->
  <testcase classname="pv_admin.PV_Settings" name="@BeforeMethod Openurl" time="-1.644899337424E9">
    <skipped/>
  </testcase> <!-- @BeforeMethod Openurl -->
  <testcase classname="pv_admin.PV_Settings" name="@AfterMethod schreenshot" time="-1.64489933744E9">
    <skipped/>
  </testcase> <!-- @AfterMethod schreenshot -->
  <testcase classname="pv_admin.PV_Settings" name="@BeforeMethod Openurl" time="-1.64489933744E9">
    <skipped/>
  </testcase> <!-- @BeforeMethod Openurl -->
  <testcase classname="pv_admin.PV_Settings" name="@AfterMethod schreenshot" time="-1.64489933744E9">
    <skipped/>
  </testcase> <!-- @AfterMethod schreenshot -->
  <testcase classname="pv_admin.PV_Settings" name="@BeforeMethod Openurl" time="-1.64489933744E9">
    <skipped/>
  </testcase> <!-- @BeforeMethod Openurl -->
  <testcase classname="pv_admin.PV_Settings" name="@AfterMethod schreenshot" time="-1.64489933744E9">
    <skipped/>
  </testcase> <!-- @AfterMethod schreenshot -->
  <testcase classname="pv_admin.PV_Settings" name="@BeforeMethod Openurl" time="-1.64489933744E9">
    <skipped/>
  </testcase> <!-- @BeforeMethod Openurl -->
  <testcase classname="pv_admin.PV_Settings" name="@AfterMethod schreenshot" time="-1.64489933744E9">
    <skipped/>
  </testcase> <!-- @AfterMethod schreenshot -->
  <testcase classname="pv_admin.PV_Settings" name="@BeforeMethod Openurl" time="-1.64489933744E9">
    <skipped/>
  </testcase> <!-- @BeforeMethod Openurl -->
  <testcase classname="pv_admin.PV_Settings" name="@AfterMethod schreenshot" time="-1.64489933744E9">
    <skipped/>
  </testcase> <!-- @AfterMethod schreenshot -->
  <testcase classname="pv_admin.PV_Settings" name="@BeforeMethod Openurl" time="-1.644899337455E9">
    <skipped/>
  </testcase> <!-- @BeforeMethod Openurl -->
  <testcase classname="pv_admin.PV_Settings" name="@AfterMethod schreenshot" time="-1.644899337455E9">
    <skipped/>
  </testcase> <!-- @AfterMethod schreenshot -->
  <testcase classname="pv_admin.PV_Settings" name="@BeforeMethod Openurl" time="-1.644899337455E9">
    <skipped/>
  </testcase> <!-- @BeforeMethod Openurl -->
  <testcase classname="pv_admin.PV_Settings" name="@AfterMethod schreenshot" time="-1.644899337455E9">
    <skipped/>
  </testcase> <!-- @AfterMethod schreenshot -->
  <testcase classname="pv_admin.PV_Settings" name="@AfterClass Afterclass" time="-1.644899337455E9">
    <skipped/>
  </testcase> <!-- @AfterClass Afterclass -->
  <testcase classname="pv_admin.PV_Settings" name="PV_Settings_01" time="5.23">
    <failure type="java.lang.AssertionError" message="expected [Home] but found []">
      <![CDATA[java.lang.AssertionError: expected [Home] but found []
at pv_admin.PV_Settings.PV_Settings_01(PV_Settings.java:82)
at java.base/java.util.ArrayList.forEach(ArrayList.java:1541)
at java.base/java.util.concurrent.FutureTask.run(FutureTask.java:264)
at java.base/java.util.concurrent.ThreadPoolExecutor.runWorker(ThreadPoolExecutor.java:1128)
at java.base/java.util.concurrent.ThreadPoolExecutor$Worker.run(ThreadPoolExecutor.java:628)
at java.base/java.lang.Thread.run(Thread.java:834)
... Removed 24 stack frames]]>
    </failure>
  </testcase> <!-- PV_Settings_01 -->
  <testcase classname="pv_admin.PV_Settings" name="PV_Settings_02" time="2.475">
    <failure type="org.openqa.selenium.NoSuchElementException" message="Unable to locate element: //span[contains(text(),&amp;apos;Landmark Configuration&amp;apos;)]
For documentation on this error, please visit: https://www.seleniumhq.org/exceptions/no_such_element.html
Build info: version: &amp;apos;3.141.59&amp;apos;, revision: &amp;apos;e82be7d358&amp;apos;, time: &amp;apos;2018-11-14T08:17:03&amp;apos;
System info: host: &amp;apos;QUASPC1212&amp;apos;, ip: &amp;apos;192.168.1.212&amp;apos;, os.name: &amp;apos;Windows 10&amp;apos;, os.arch: &amp;apos;amd64&amp;apos;, os.version: &amp;apos;10.0&amp;apos;, java.version: &amp;apos;11.0.12&amp;apos;
Driver info: org.openqa.selenium.firefox.FirefoxDriver
Capabilities {acceptInsecureCerts: true, browserName: firefox, browserVersion: 96.0.3, javascriptEnabled: true, moz:accessibilityChecks: false, moz:buildID: 20220126154723, moz:geckodriverVersion: 0.30.0, moz:headless: false, moz:processID: 3196, moz:profile: C:\Users\neha.p\AppData\Loc..., moz:shutdownTimeout: 60000, moz:useNonSpecCompliantPointerOrigin: false, moz:webdriverClick: true, pageLoadStrategy: normal, platform: WINDOWS, platformName: WINDOWS, platformVersion: 10.0, proxy: Proxy(), setWindowRect: true, strictFileInteractability: false, timeouts: {implicit: 0, pageLoad: 300000, script: 30000}, unhandledPromptBehavior: dismiss and notify}
Session ID: 2b79f528-e2c0-42cb-9d7a-c13ec9d00a7e
*** Element info: {Using=xpath, value=//span[contains(text(),&amp;apos;Landmark Configuration&amp;apos;)]}">
      <![CDATA[org.openqa.selenium.NoSuchElementException: Unable to locate element: //span[contains(text(),'Landmark Configuration')]
For documentation on this error, please visit: https://www.seleniumhq.org/exceptions/no_such_element.html
Build info: version: '3.141.59', revision: 'e82be7d358', time: '2018-11-14T08:17:03'
System info: host: 'QUASPC1212', ip: '192.168.1.212', os.name: 'Windows 10', os.arch: 'amd64', os.version: '10.0', java.version: '11.0.12'
Driver info: org.openqa.selenium.firefox.FirefoxDriver
Capabilities {acceptInsecureCerts: true, browserName: firefox, browserVersion: 96.0.3, javascriptEnabled: true, moz:accessibilityChecks: false, moz:buildID: 20220126154723, moz:geckodriverVersion: 0.30.0, moz:headless: false, moz:processID: 3196, moz:profile: C:\Users\neha.p\AppData\Loc..., moz:shutdownTimeout: 60000, moz:useNonSpecCompliantPointerOrigin: false, moz:webdriverClick: true, pageLoadStrategy: normal, platform: WINDOWS, platformName: WINDOWS, platformVersion: 10.0, proxy: Proxy(), setWindowRect: true, strictFileInteractability: false, timeouts: {implicit: 0, pageLoad: 300000, script: 30000}, unhandledPromptBehavior: dismiss and notify}
Session ID: 2b79f528-e2c0-42cb-9d7a-c13ec9d00a7e
*** Element info: {Using=xpath, value=//span[contains(text(),'Landmark Configuration')]}
at org.openqa.selenium.remote.http.W3CHttpResponseCodec.createException(W3CHttpResponseCodec.java:187)
at org.openqa.selenium.remote.http.W3CHttpResponseCodec.decode(W3CHttpResponseCodec.java:122)
at org.openqa.selenium.remote.http.W3CHttpResponseCodec.decode(W3CHttpResponseCodec.java:49)
at org.openqa.selenium.remote.HttpCommandExecutor.execute(HttpCommandExecutor.java:158)
at org.openqa.selenium.remote.service.DriverCommandExecutor.execute(DriverCommandExecutor.java:83)
at org.openqa.selenium.remote.RemoteWebDriver.execute(RemoteWebDriver.java:552)
at org.openqa.selenium.remote.RemoteWebDriver.findElement(RemoteWebDriver.java:323)
at org.openqa.selenium.remote.RemoteWebDriver.findElementByXPath(RemoteWebDriver.java:428)
at org.openqa.selenium.By$ByXPath.findElement(By.java:353)
at org.openqa.selenium.remote.RemoteWebDriver.findElement(RemoteWebDriver.java:315)
at pv_admin.PV_Settings.PV_Settings_02(PV_Settings.java:123)
at java.base/java.util.ArrayList.forEach(ArrayList.java:1541)
at java.base/java.util.concurrent.FutureTask.run(FutureTask.java:264)
at java.base/java.util.concurrent.ThreadPoolExecutor.runWorker(ThreadPoolExecutor.java:1128)
at java.base/java.util.concurrent.ThreadPoolExecutor$Worker.run(ThreadPoolExecutor.java:628)
at java.base/java.lang.Thread.run(Thread.java:834)
... Removed 22 stack frames]]>
    </failure>
  </testcase> <!-- PV_Settings_02 -->
  <testcase classname="pv_admin.PV_Settings" name="PV_Settings_03" time="2.723">
    <failure type="java.lang.AssertionError" message="expected [Police Vertical Settings] but found []">
      <![CDATA[java.lang.AssertionError: expected [Police Vertical Settings] but found []
at pv_admin.PV_Settings.PV_Settings_03(PV_Settings.java:144)
at java.base/java.util.ArrayList.forEach(ArrayList.java:1541)
at java.base/java.util.concurrent.FutureTask.run(FutureTask.java:264)
at java.base/java.util.concurrent.ThreadPoolExecutor.runWorker(ThreadPoolExecutor.java:1128)
at java.base/java.util.concurrent.ThreadPoolExecutor$Worker.run(ThreadPoolExecutor.java:628)
at java.base/java.lang.Thread.run(Thread.java:834)
... Removed 24 stack frames]]>
    </failure>
  </testcase> <!-- PV_Settings_03 -->
  <testcase classname="pv_admin.PV_Settings" name="PV_Settings_04" time="2.689">
    <failure type="java.lang.AssertionError" message="expected [Police Vertical Settings] but found []">
      <![CDATA[java.lang.AssertionError: expected [Police Vertical Settings] but found []
at pv_admin.PV_Settings.PV_Settings_04(PV_Settings.java:191)
at java.base/java.util.ArrayList.forEach(ArrayList.java:1541)
at java.base/java.util.concurrent.FutureTask.run(FutureTask.java:264)
at java.base/java.util.concurrent.ThreadPoolExecutor.runWorker(ThreadPoolExecutor.java:1128)
at java.base/java.util.concurrent.ThreadPoolExecutor$Worker.run(ThreadPoolExecutor.java:628)
at java.base/java.lang.Thread.run(Thread.java:834)
... Removed 24 stack frames]]>
    </failure>
  </testcase> <!-- PV_Settings_04 -->
  <testcase classname="pv_admin.PV_Settings" name="PV_Settings_08" time="2.709">
    <failure type="java.lang.AssertionError" message="expected [Police Vertical Settings] but found []">
      <![CDATA[java.lang.AssertionError: expected [Police Vertical Settings] but found []
at pv_admin.PV_Settings.PV_Settings_08(PV_Settings.java:212)
at java.base/java.util.ArrayList.forEach(ArrayList.java:1541)
at java.base/java.util.concurrent.FutureTask.run(FutureTask.java:264)
at java.base/java.util.concurrent.ThreadPoolExecutor.runWorker(ThreadPoolExecutor.java:1128)
at java.base/java.util.concurrent.ThreadPoolExecutor$Worker.run(ThreadPoolExecutor.java:628)
at java.base/java.lang.Thread.run(Thread.java:834)
... Removed 24 stack frames]]>
    </failure>
  </testcase> <!-- PV_Settings_08 -->
  <testcase classname="pv_admin.PV_Settings" name="PV_Settings_09" time="5.156"/>
  <testcase classname="pv_admin.PV_Settings" name="PV_Settings_10" time="11.382"/>
  <testcase classname="pv_admin.PV_Settings" name="PV_Settings_11" time="1.35">
    <failure type="org.openqa.selenium.WebDriverException" message="Failed to decode response from marionette
Build info: version: &amp;apos;3.141.59&amp;apos;, revision: &amp;apos;e82be7d358&amp;apos;, time: &amp;apos;2018-11-14T08:17:03&amp;apos;
System info: host: &amp;apos;QUASPC1212&amp;apos;, ip: &amp;apos;192.168.1.212&amp;apos;, os.name: &amp;apos;Windows 10&amp;apos;, os.arch: &amp;apos;amd64&amp;apos;, os.version: &amp;apos;10.0&amp;apos;, java.version: &amp;apos;11.0.12&amp;apos;
Driver info: org.openqa.selenium.firefox.FirefoxDriver
Capabilities {acceptInsecureCerts: true, browserName: firefox, browserVersion: 96.0.3, javascriptEnabled: true, moz:accessibilityChecks: false, moz:buildID: 20220126154723, moz:geckodriverVersion: 0.30.0, moz:headless: false, moz:processID: 3196, moz:profile: C:\Users\neha.p\AppData\Loc..., moz:shutdownTimeout: 60000, moz:useNonSpecCompliantPointerOrigin: false, moz:webdriverClick: true, pageLoadStrategy: normal, platform: WINDOWS, platformName: WINDOWS, platformVersion: 10.0, proxy: Proxy(), setWindowRect: true, strictFileInteractability: false, timeouts: {implicit: 0, pageLoad: 300000, script: 30000}, unhandledPromptBehavior: dismiss and notify}
Session ID: 2b79f528-e2c0-42cb-9d7a-c13ec9d00a7e
*** Element info: {Using=xpath, value=//span[contains(text(),&amp;apos;Police Vertical Settings&amp;apos;)]}">
      <![CDATA[org.openqa.selenium.WebDriverException: Failed to decode response from marionette
Build info: version: '3.141.59', revision: 'e82be7d358', time: '2018-11-14T08:17:03'
System info: host: 'QUASPC1212', ip: '192.168.1.212', os.name: 'Windows 10', os.arch: 'amd64', os.version: '10.0', java.version: '11.0.12'
Driver info: org.openqa.selenium.firefox.FirefoxDriver
Capabilities {acceptInsecureCerts: true, browserName: firefox, browserVersion: 96.0.3, javascriptEnabled: true, moz:accessibilityChecks: false, moz:buildID: 20220126154723, moz:geckodriverVersion: 0.30.0, moz:headless: false, moz:processID: 3196, moz:profile: C:\Users\neha.p\AppData\Loc..., moz:shutdownTimeout: 60000, moz:useNonSpecCompliantPointerOrigin: false, moz:webdriverClick: true, pageLoadStrategy: normal, platform: WINDOWS, platformName: WINDOWS, platformVersion: 10.0, proxy: Proxy(), setWindowRect: true, strictFileInteractability: false, timeouts: {implicit: 0, pageLoad: 300000, script: 30000}, unhandledPromptBehavior: dismiss and notify}
Session ID: 2b79f528-e2c0-42cb-9d7a-c13ec9d00a7e
*** Element info: {Using=xpath, value=//span[contains(text(),'Police Vertical Settings')]}
at org.openqa.selenium.remote.http.W3CHttpResponseCodec.createException(W3CHttpResponseCodec.java:187)
at org.openqa.selenium.remote.http.W3CHttpResponseCodec.decode(W3CHttpResponseCodec.java:122)
at org.openqa.selenium.remote.http.W3CHttpResponseCodec.decode(W3CHttpResponseCodec.java:49)
at org.openqa.selenium.remote.HttpCommandExecutor.execute(HttpCommandExecutor.java:158)
at org.openqa.selenium.remote.service.DriverCommandExecutor.execute(DriverCommandExecutor.java:83)
at org.openqa.selenium.remote.RemoteWebDriver.execute(RemoteWebDriver.java:552)
at org.openqa.selenium.remote.RemoteWebDriver.findElement(RemoteWebDriver.java:323)
at org.openqa.selenium.remote.RemoteWebDriver.findElementByXPath(RemoteWebDriver.java:428)
at org.openqa.selenium.By$ByXPath.findElement(By.java:353)
at org.openqa.selenium.remote.RemoteWebDriver.findElement(RemoteWebDriver.java:315)
at pv_admin.PV_Settings.PV_Settings_11(PV_Settings.java:290)
at java.base/java.util.ArrayList.forEach(ArrayList.java:1541)
at java.base/java.util.concurrent.FutureTask.run(FutureTask.java:264)
at java.base/java.util.concurrent.ThreadPoolExecutor.runWorker(ThreadPoolExecutor.java:1128)
at java.base/java.util.concurrent.ThreadPoolExecutor$Worker.run(ThreadPoolExecutor.java:628)
at java.base/java.lang.Thread.run(Thread.java:834)
... Removed 22 stack frames]]>
    </failure>
  </testcase> <!-- PV_Settings_11 -->
  <testcase classname="pv_admin.PV_Settings" name="PV_Settings_12" time="0.0">
    <skipped/>
  </testcase> <!-- PV_Settings_12 -->
  <testcase classname="pv_admin.PV_Settings" name="PV_Settings_13" time="0.0">
    <skipped/>
  </testcase> <!-- PV_Settings_13 -->
  <testcase classname="pv_admin.PV_Settings" name="PV_Settings_14" time="0.0">
    <skipped/>
  </testcase> <!-- PV_Settings_14 -->
  <testcase classname="pv_admin.PV_Settings" name="PV_Settings_15" time="0.0">
    <skipped/>
  </testcase> <!-- PV_Settings_15 -->
  <testcase classname="pv_admin.PV_Settings" name="PV_Settings_16" time="0.0">
    <skipped/>
  </testcase> <!-- PV_Settings_16 -->
  <testcase classname="pv_admin.PV_Settings" name="PV_Settings_17" time="0.0">
    <skipped/>
  </testcase> <!-- PV_Settings_17 -->
  <testcase classname="pv_admin.PV_Settings" name="PV_Settings_18" time="0.0">
    <skipped/>
  </testcase> <!-- PV_Settings_18 -->
  <testcase classname="pv_admin.PV_Settings" name="PV_Settings_19" time="0.0">
    <skipped/>
  </testcase> <!-- PV_Settings_19 -->
  <testcase classname="pv_admin.PV_Settings" name="PV_Settings_20" time="0.0">
    <skipped/>
  </testcase> <!-- PV_Settings_20 -->
  <testcase classname="pv_admin.PV_Settings" name="PV_Settings_21" time="0.0">
    <skipped/>
  </testcase> <!-- PV_Settings_21 -->
  <testcase classname="pv_admin.PV_Settings" name="PV_Settings_22" time="0.0">
    <skipped/>
  </testcase> <!-- PV_Settings_22 -->
  <testcase classname="pv_admin.PV_Settings" name="PV_Settings_24" time="0.0">
    <skipped/>
  </testcase> <!-- PV_Settings_24 -->
  <testcase classname="pv_admin.PV_Settings" name="PV_Settings_23" time="0.0">
    <skipped/>
  </testcase> <!-- PV_Settings_23 -->
</testsuite> <!-- PV_Settings -->
